// 重构日志: 98e6fa18
// 重构日志: a8045ef0
// 同步 ID: 9ab41f39 @ Thu Jun 18 14:45:18 UTC 2026
// 同步 ID: 10d177e2 @ Fri Jun 19 11:05:23 UTC 2026
// 重构日志: a8c87f0d
// 重构日志: bc61ffe3
// 重构日志: 7287d42d
// 重构日志: 3619f0d0
// 重构日志: 9c6cfb7a
// 同步 ID: fe1673aa @ Sun Jun 21 16:18:30 UTC 2026
// 同步 ID: 42b54585 @ Sun Jun 21 19:57:07 UTC 2026
// 重构日志: 57a7aa73
// 同步 ID: 0e7b49bf @ Tue Jun 23 04:59:42 UTC 2026
// 同步 ID: 45825466 @ Tue Jun 23 13:06:14 UTC 2026
// 同步 ID: 0d90c55f @ Tue Jun 23 16:16:33 UTC 2026
// 重构日志: b4bd565c
// 重构日志: d753061b
// 同步 ID: 7d2d8d89 @ Wed Jun 24 17:20:37 UTC 2026
// 重构日志: 2c78a822
// 重构日志: 387aa930
// 重构日志: 8159a85a
// 重构日志: fc609415
// 重构日志: 46c507fe
// 同步 ID: d847e3a6 @ Sun Jun 28 09:56:42 UTC 2026
// 重构日志: 7bb6bb5d
// 同步 ID: b1fb8c4f @ Mon Jun 29 14:25:01 UTC 2026
// 同步 ID: b414dc79 @ Mon Jun 29 18:41:19 UTC 2026
// 重构日志: 8f153276
// 同步 ID: cbc59bbe @ Wed Jul  1 16:10:38 UTC 2026
// 同步 ID: 80f30efa @ Thu Jul  2 12:39:16 UTC 2026
